This is pdfTeX, Version 3.14159265-2.6-1.40.16 (MiKTeX 2.9) (preloaded format=pdflatex 2015.10.5)  17 JAN 2016 16:02
entering extended mode
**C:/Users/Dominik/Desktop/studium/Wahlmodule/Mensch-Maschine-Systemtechnik/Pro
jekt/Quelltext/r43ples/dokumentation/Abschlussdokumentation/Dokumentation.tex

(C:/Users/Dominik/Desktop/studium/Wahlmodule/Mensch-Maschine-Systemtechnik/Proj
ekt/Quelltext/r43ples/dokumentation/Abschlussdokumentation/Dokumentation.tex
LaTeX2e <2015/01/01> patch level 2
Babel <3.9m> and hyphenation patterns for 69 languages loaded.
(tudbook.cls
Document Class: tudbook 2012/08/04 Buch-Klasse fuer die TU Dresden, (c) by Klau
s Bergmann
Class: 'tudbook' Version 1.6, Buchvorlage der Technischen Universitaet Dresden
("C:\Program Files (x86)\MiKTeX 2.9\tex\latex\base\book.cls"
Document Class: book 2014/09/29 v1.4h Standard LaTeX document class
("C:\Program Files (x86)\MiKTeX 2.9\tex\latex\base\bk10.clo"
File: bk10.clo 2014/09/29 v1.4h Standard LaTeX file (size option)
)
\c@part=\count79
\c@chapter=\count80
\c@section=\count81
\c@subsection=\count82
\c@subsubsection=\count83
\c@paragraph=\count84
\c@subparagraph=\count85
\c@figure=\count86
\c@table=\count87
\abovecaptionskip=\skip41
\belowcaptionskip=\skip42
\bibindent=\dimen102
)
("C:\Program Files (x86)\MiKTeX 2.9\tex\latex\graphics\graphicx.sty"
Package: graphicx 2014/10/28 v1.0g Enhanced LaTeX Graphics (DPC,SPQR)

("C:\Program Files (x86)\MiKTeX 2.9\tex\latex\graphics\keyval.sty"
Package: keyval 2014/10/28 v1.15 key=value parser (DPC)
\KV@toks@=\toks14
)
("C:\Program Files (x86)\MiKTeX 2.9\tex\latex\graphics\graphics.sty"
Package: graphics 2014/10/28 v1.0p Standard LaTeX Graphics (DPC,SPQR)

("C:\Program Files (x86)\MiKTeX 2.9\tex\latex\graphics\trig.sty"
Package: trig 1999/03/16 v1.09 sin cos tan (DPC)
)
("C:\Program Files (x86)\MiKTeX 2.9\tex\latex\00miktex\graphics.cfg"
File: graphics.cfg 2007/01/18 v1.5 graphics configuration of teTeX/TeXLive
)
Package graphics Info: Driver file: pdftex.def on input line 94.

("C:\Program Files (x86)\MiKTeX 2.9\tex\latex\pdftex-def\pdftex.def"
File: pdftex.def 2011/05/27 v0.06d Graphics/color for pdfTeX

("C:\Program Files (x86)\MiKTeX 2.9\tex\generic\oberdiek\infwarerr.sty"
Package: infwarerr 2010/04/08 v1.3 Providing info/warning/error messages (HO)
)
("C:\Program Files (x86)\MiKTeX 2.9\tex\generic\oberdiek\ltxcmds.sty"
Package: ltxcmds 2011/11/09 v1.22 LaTeX kernel commands for general use (HO)
)
\Gread@gobject=\count88
))
\Gin@req@height=\dimen103
\Gin@req@width=\dimen104
)
("C:\Program Files (x86)\MiKTeX 2.9\tex\latex\base\ifthen.sty"
Package: ifthen 2014/09/29 v1.1c Standard LaTeX ifthen package (DPC)
)
("C:\Program Files (x86)\MiKTeX 2.9\tex\latex\base\fontenc.sty"
Package: fontenc 2005/09/27 v1.99g Standard LaTeX package

("C:\Program Files (x86)\MiKTeX 2.9\tex\latex\base\t1enc.def"
File: t1enc.def 2005/09/27 v1.99g Standard LaTeX file
LaTeX Font Info:    Redeclaring font encoding T1 on input line 48.
))
LaTeX Font Info:    Try loading font information for T1+aun on input line 48.
LaTeX Font Info:    No file T1aun.fd. on input line 48.


LaTeX Font Warning: Font shape `T1/aun/l/n' undefined
(Font)              using `T1/cmr/m/n' instead on input line 48.


LaTeX Font Warning: Font shape `T1/aun/b/n' undefined
(Font)              using `T1/cmr/m/n' instead on input line 49.


LaTeX Font Warning: Font shape `T1/aun/l/sl' undefined
(Font)              using `T1/aun/l/n' instead on input line 51.

\symaunLetters=\mathgroup4
LaTeX Font Info:    Overwriting symbol font `aunLetters' in version `bold'
(Font)                  T1/aun/l/sl --> T1/aun/b/sl on input line 69.
\symaunOperators=\mathgroup5
LaTeX Font Info:    Overwriting symbol font `aunOperators' in version `bold'
(Font)                  T1/aun/l/n --> T1/aun/b/n on input line 71.
LaTeX Font Info:    Redeclaring math alphabet \mathsf on input line 141.
LaTeX Font Info:    Redeclaring math alphabet \mathbf on input line 143.
LaTeX Font Info:    Overwriting math alphabet `\mathbf' in version `normal'
(Font)                  OT1/cmr/bx/n --> T1/aun/b/n on input line 143.
LaTeX Font Info:    Overwriting math alphabet `\mathbf' in version `bold'
(Font)                  OT1/cmr/bx/n --> T1/aun/b/n on input line 143.
LaTeX Font Info:    Overwriting math alphabet `\mathbf' in version `bold'
(Font)                  T1/aun/b/n --> T1/aun/b/n on input line 144.
LaTeX Font Info:    Redeclaring math alphabet \mathit on input line 145.
LaTeX Font Info:    Overwriting math alphabet `\mathit' in version `normal'
(Font)                  OT1/cmr/m/it --> T1/aun/l/sl on input line 145.
LaTeX Font Info:    Overwriting math alphabet `\mathit' in version `bold'
(Font)                  OT1/cmr/bx/it --> T1/aun/l/sl on input line 145.
LaTeX Font Info:    Overwriting math alphabet `\mathit' in version `bold'
(Font)                  T1/aun/l/sl --> T1/aun/l/sl on input line 146.
\logo@Tab@Width=\skip43
\logo@Tab@Extra@Space=\skip44
\@@professurComma=\box26
\logoHeight=\skip45
<TU_Logo_SW.pdf, id=1, 256.96pt x 75.28125pt>
File: TU_Logo_SW.pdf Graphic file (type pdf)
 <use TU_Logo_SW.pdf>
Package pdftex.def Info: TU_Logo_SW.pdf used on input line 280.
(pdftex.def)             Requested size: 162.1807pt x 47.51472pt.
)
(tudthesis.sty
Package: tudthesis 2011/05/02 Thesis-Package fuer die TU Dresden, (c) by Klaus 
Bergmann
)
(C:\Users\Dominik\AppData\Roaming\MiKTeX\2.9\tex\latex\german\german.sty
v2.5e 1998-07-08
Package: german 1998/07/08 v2.5e Support for writing german texts (br)
\grmnU@D=\dimen105
german -- \language number for Austrian undefined, default 23 used.
)
("C:\Program Files (x86)\MiKTeX 2.9\tex\latex\base\inputenc.sty"
Package: inputenc 2015/03/17 v1.2c Input encoding file
\inpenc@prehook=\toks15
\inpenc@posthook=\toks16

("C:\Program Files (x86)\MiKTeX 2.9\tex\latex\base\utf8.def"
File: utf8.def 2015/06/27 v1.1n UTF-8 support for inputenc
Now handling font encoding OML ...
... no UTF-8 mapping file for font encoding OML
Now handling font encoding T1 ...
... processing UTF-8 mapping file for font encoding T1

("C:\Program Files (x86)\MiKTeX 2.9\tex\latex\base\t1enc.dfu"
File: t1enc.dfu 2015/06/27 v1.1n UTF-8 support for inputenc
   defining Unicode char U+00A1 (decimal 161)
   defining Unicode char U+00A3 (decimal 163)
   defining Unicode char U+00AB (decimal 171)
   defining Unicode char U+00BB (decimal 187)
   defining Unicode char U+00BF (decimal 191)
   defining Unicode char U+00C0 (decimal 192)
   defining Unicode char U+00C1 (decimal 193)
   defining Unicode char U+00C2 (decimal 194)
   defining Unicode char U+00C3 (decimal 195)
   defining Unicode char U+00C4 (decimal 196)
   defining Unicode char U+00C5 (decimal 197)
   defining Unicode char U+00C6 (decimal 198)
   defining Unicode char U+00C7 (decimal 199)
   defining Unicode char U+00C8 (decimal 200)
   defining Unicode char U+00C9 (decimal 201)
   defining Unicode char U+00CA (decimal 202)
   defining Unicode char U+00CB (decimal 203)
   defining Unicode char U+00CC (decimal 204)
   defining Unicode char U+00CD (decimal 205)
   defining Unicode char U+00CE (decimal 206)
   defining Unicode char U+00CF (decimal 207)
   defining Unicode char U+00D0 (decimal 208)
   defining Unicode char U+00D1 (decimal 209)
   defining Unicode char U+00D2 (decimal 210)
   defining Unicode char U+00D3 (decimal 211)
   defining Unicode char U+00D4 (decimal 212)
   defining Unicode char U+00D5 (decimal 213)
   defining Unicode char U+00D6 (decimal 214)
   defining Unicode char U+00D8 (decimal 216)
   defining Unicode char U+00D9 (decimal 217)
   defining Unicode char U+00DA (decimal 218)
   defining Unicode char U+00DB (decimal 219)
   defining Unicode char U+00DC (decimal 220)
   defining Unicode char U+00DD (decimal 221)
   defining Unicode char U+00DE (decimal 222)
   defining Unicode char U+00DF (decimal 223)
   defining Unicode char U+00E0 (decimal 224)
   defining Unicode char U+00E1 (decimal 225)
   defining Unicode char U+00E2 (decimal 226)
   defining Unicode char U+00E3 (decimal 227)
   defining Unicode char U+00E4 (decimal 228)
   defining Unicode char U+00E5 (decimal 229)
   defining Unicode char U+00E6 (decimal 230)
   defining Unicode char U+00E7 (decimal 231)
   defining Unicode char U+00E8 (decimal 232)
   defining Unicode char U+00E9 (decimal 233)
   defining Unicode char U+00EA (decimal 234)
   defining Unicode char U+00EB (decimal 235)
   defining Unicode char U+00EC (decimal 236)
   defining Unicode char U+00ED (decimal 237)
   defining Unicode char U+00EE (decimal 238)
   defining Unicode char U+00EF (decimal 239)
   defining Unicode char U+00F0 (decimal 240)
   defining Unicode char U+00F1 (decimal 241)
   defining Unicode char U+00F2 (decimal 242)
   defining Unicode char U+00F3 (decimal 243)
   defining Unicode char U+00F4 (decimal 244)
   defining Unicode char U+00F5 (decimal 245)
   defining Unicode char U+00F6 (decimal 246)
   defining Unicode char U+00F8 (decimal 248)
   defining Unicode char U+00F9 (decimal 249)
   defining Unicode char U+00FA (decimal 250)
   defining Unicode char U+00FB (decimal 251)
   defining Unicode char U+00FC (decimal 252)
   defining Unicode char U+00FD (decimal 253)
   defining Unicode char U+00FE (decimal 254)
   defining Unicode char U+00FF (decimal 255)
   defining Unicode char U+0102 (decimal 258)
   defining Unicode char U+0103 (decimal 259)
   defining Unicode char U+0104 (decimal 260)
   defining Unicode char U+0105 (decimal 261)
   defining Unicode char U+0106 (decimal 262)
   defining Unicode char U+0107 (decimal 263)
   defining Unicode char U+010C (decimal 268)
   defining Unicode char U+010D (decimal 269)
   defining Unicode char U+010E (decimal 270)
   defining Unicode char U+010F (decimal 271)
   defining Unicode char U+0110 (decimal 272)
   defining Unicode char U+0111 (decimal 273)
   defining Unicode char U+0118 (decimal 280)
   defining Unicode char U+0119 (decimal 281)
   defining Unicode char U+011A (decimal 282)
   defining Unicode char U+011B (decimal 283)
   defining Unicode char U+011E (decimal 286)
   defining Unicode char U+011F (decimal 287)
   defining Unicode char U+0130 (decimal 304)
   defining Unicode char U+0131 (decimal 305)
   defining Unicode char U+0132 (decimal 306)
   defining Unicode char U+0133 (decimal 307)
   defining Unicode char U+0139 (decimal 313)
   defining Unicode char U+013A (decimal 314)
   defining Unicode char U+013D (decimal 317)
   defining Unicode char U+013E (decimal 318)
   defining Unicode char U+0141 (decimal 321)
   defining Unicode char U+0142 (decimal 322)
   defining Unicode char U+0143 (decimal 323)
   defining Unicode char U+0144 (decimal 324)
   defining Unicode char U+0147 (decimal 327)
   defining Unicode char U+0148 (decimal 328)
   defining Unicode char U+014A (decimal 330)
   defining Unicode char U+014B (decimal 331)
   defining Unicode char U+0150 (decimal 336)
   defining Unicode char U+0151 (decimal 337)
   defining Unicode char U+0152 (decimal 338)
   defining Unicode char U+0153 (decimal 339)
   defining Unicode char U+0154 (decimal 340)
   defining Unicode char U+0155 (decimal 341)
   defining Unicode char U+0158 (decimal 344)
   defining Unicode char U+0159 (decimal 345)
   defining Unicode char U+015A (decimal 346)
   defining Unicode char U+015B (decimal 347)
   defining Unicode char U+015E (decimal 350)
   defining Unicode char U+015F (decimal 351)
   defining Unicode char U+0160 (decimal 352)
   defining Unicode char U+0161 (decimal 353)
   defining Unicode char U+0162 (decimal 354)
   defining Unicode char U+0163 (decimal 355)
   defining Unicode char U+0164 (decimal 356)
   defining Unicode char U+0165 (decimal 357)
   defining Unicode char U+016E (decimal 366)
   defining Unicode char U+016F (decimal 367)
   defining Unicode char U+0170 (decimal 368)
   defining Unicode char U+0171 (decimal 369)
   defining Unicode char U+0178 (decimal 376)
   defining Unicode char U+0179 (decimal 377)
   defining Unicode char U+017A (decimal 378)
   defining Unicode char U+017B (decimal 379)
   defining Unicode char U+017C (decimal 380)
   defining Unicode char U+017D (decimal 381)
   defining Unicode char U+017E (decimal 382)
   defining Unicode char U+200C (decimal 8204)
   defining Unicode char U+2013 (decimal 8211)
   defining Unicode char U+2014 (decimal 8212)
   defining Unicode char U+2018 (decimal 8216)
   defining Unicode char U+2019 (decimal 8217)
   defining Unicode char U+201A (decimal 8218)
   defining Unicode char U+201C (decimal 8220)
   defining Unicode char U+201D (decimal 8221)
   defining Unicode char U+201E (decimal 8222)
   defining Unicode char U+2030 (decimal 8240)
   defining Unicode char U+2031 (decimal 8241)
   defining Unicode char U+2039 (decimal 8249)
   defining Unicode char U+203A (decimal 8250)
   defining Unicode char U+2423 (decimal 9251)
)
Now handling font encoding OT1 ...
... processing UTF-8 mapping file for font encoding OT1

("C:\Program Files (x86)\MiKTeX 2.9\tex\latex\base\ot1enc.dfu"
File: ot1enc.dfu 2015/06/27 v1.1n UTF-8 support for inputenc
   defining Unicode char U+00A1 (decimal 161)
   defining Unicode char U+00A3 (decimal 163)
   defining Unicode char U+00B8 (decimal 184)
   defining Unicode char U+00BF (decimal 191)
   defining Unicode char U+00C5 (decimal 197)
   defining Unicode char U+00C6 (decimal 198)
   defining Unicode char U+00D8 (decimal 216)
   defining Unicode char U+00DF (decimal 223)
   defining Unicode char U+00E6 (decimal 230)
   defining Unicode char U+00EC (decimal 236)
   defining Unicode char U+00ED (decimal 237)
   defining Unicode char U+00EE (decimal 238)
   defining Unicode char U+00EF (decimal 239)
   defining Unicode char U+00F8 (decimal 248)
   defining Unicode char U+0131 (decimal 305)
   defining Unicode char U+0141 (decimal 321)
   defining Unicode char U+0142 (decimal 322)
   defining Unicode char U+0152 (decimal 338)
   defining Unicode char U+0153 (decimal 339)
   defining Unicode char U+2013 (decimal 8211)
   defining Unicode char U+2014 (decimal 8212)
   defining Unicode char U+2018 (decimal 8216)
   defining Unicode char U+2019 (decimal 8217)
   defining Unicode char U+201C (decimal 8220)
   defining Unicode char U+201D (decimal 8221)
)
Now handling font encoding OMS ...
... processing UTF-8 mapping file for font encoding OMS

("C:\Program Files (x86)\MiKTeX 2.9\tex\latex\base\omsenc.dfu"
File: omsenc.dfu 2015/06/27 v1.1n UTF-8 support for inputenc
   defining Unicode char U+00A7 (decimal 167)
   defining Unicode char U+00B6 (decimal 182)
   defining Unicode char U+00B7 (decimal 183)
   defining Unicode char U+2020 (decimal 8224)
   defining Unicode char U+2021 (decimal 8225)
   defining Unicode char U+2022 (decimal 8226)
)
Now handling font encoding OMX ...
... no UTF-8 mapping file for font encoding OMX
Now handling font encoding U ...
... no UTF-8 mapping file for font encoding U
   defining Unicode char U+00A9 (decimal 169)
   defining Unicode char U+00AA (decimal 170)
   defining Unicode char U+00AE (decimal 174)
   defining Unicode char U+00BA (decimal 186)
   defining Unicode char U+02C6 (decimal 710)
   defining Unicode char U+02DC (decimal 732)
   defining Unicode char U+200C (decimal 8204)
   defining Unicode char U+2026 (decimal 8230)
   defining Unicode char U+2122 (decimal 8482)
   defining Unicode char U+2423 (decimal 9251)
))
(C:\Users\Dominik\AppData\Roaming\MiKTeX\2.9\tex\latex\germbib\bibgerm.sty
Package: bibgerm 2000/08/18 v0.1 Support for mixed language bibliographies

** Macros for german `BibTeX'ing added to Style Option `german' 20 Apr 1993 **
** idea and languages `german' and `USenglish' implemented by M. Wallmeier **
** Modified for LaTeX 2e and german.sty 2.5b by A. Scherer 1 Nov 1995 **
** Modified for ngerman.sty and babel.sty by H. Harders 21 August 2000 **)
(C:\Users\Dominik\AppData\Roaming\MiKTeX\2.9\tex\latex\url\url.sty
\Urlmuskip=\muskip10
Package: url 2013/09/16  ver 3.4  Verb mode for urls, etc.
)
(C:\Users\Dominik\AppData\Roaming\MiKTeX\2.9\tex\latex\paralist\paralist.sty
Package: paralist 2013/06/09 v2.4 Extended list environments
\pltopsep=\skip46
\plpartopsep=\skip47
\plitemsep=\skip48
\plparsep=\skip49
\pl@lab=\toks17
)
(C:\Users\Dominik\AppData\Roaming\MiKTeX\2.9\tex\latex\subfigure\subfigure.sty
Package: subfigure 2002/07/30 v2.1.4 subfigure package
\subfigtopskip=\skip50
\subfigcapskip=\skip51
\subfigcaptopadj=\dimen106
\subfigbottomskip=\skip52
\subfigcapmargin=\dimen107
\subfiglabelskip=\skip53
\c@subfigure=\count89
\c@lofdepth=\count90
\c@subtable=\count91
\c@lotdepth=\count92

****************************************
* Local config file subfigure.cfg used *
****************************************
(C:\Users\Dominik\AppData\Roaming\MiKTeX\2.9\tex\latex\subfigure\subfigure.cfg)
\subfig@top=\skip54
\subfig@bottom=\skip55
)

LaTeX Warning: Unused global option(s):
    [nocolor].

(Dokumentation.aux)
LaTeX Font Info:    Checking defaults for OML/cmm/m/it on input line 12.
LaTeX Font Info:    ... okay on input line 12.
LaTeX Font Info:    Checking defaults for T1/cmr/m/n on input line 12.
LaTeX Font Info:    ... okay on input line 12.
LaTeX Font Info:    Checking defaults for OT1/cmr/m/n on input line 12.
LaTeX Font Info:    ... okay on input line 12.
LaTeX Font Info:    Checking defaults for OMS/cmsy/m/n on input line 12.
LaTeX Font Info:    ... okay on input line 12.
LaTeX Font Info:    Checking defaults for OMX/cmex/m/n on input line 12.
LaTeX Font Info:    ... okay on input line 12.
LaTeX Font Info:    Checking defaults for U/cmr/m/n on input line 12.
LaTeX Font Info:    ... okay on input line 12.

(C:\Users\Dominik\AppData\Roaming\MiKTeX\2.9\tex\context\base\supp-pdf.mkii
[Loading MPS to PDF converter (version 2006.09.02).]
\scratchcounter=\count93
\scratchdimen=\dimen108
\scratchbox=\box27
\nofMPsegments=\count94
\nofMParguments=\count95
\everyMPshowfont=\toks18
\MPscratchCnt=\count96
\MPscratchDim=\dimen109
\MPnumerator=\count97
\makeMPintoPDFobject=\count98
\everyMPtoPDFconversion=\toks19
)

bibgerm.sty: (n)german.sty 2.5b detected

LaTeX Font Info:    Try loading font information for T1+din on input line 20.
LaTeX Font Info:    No file T1din.fd. on input line 20.

LaTeX Font Warning: Font shape `T1/din/b/n' undefined
(Font)              using `T1/cmr/m/n' instead on input line 20.


LaTeX Font Warning: Font shape `T1/din/bx/n' undefined
(Font)              using `T1/cmr/m/n' instead on input line 20.

LaTeX Font Info:    External font `cmex10' loaded for size
(Font)              <7> on input line 20.
LaTeX Font Info:    External font `cmex10' loaded for size
(Font)              <5> on input line 20.
File: TU_Logo_SW.pdf Graphic file (type pdf)
<use TU_Logo_SW.pdf>
Package pdftex.def Info: TU_Logo_SW.pdf used on input line 20.
(pdftex.def)             Requested size: 162.1807pt x 47.51472pt.

Overfull \hbox (28.45274pt too wide) has occurred while \output is active
[] []
 []

[1{C:/Users/Dominik/AppData/Local/MiKTeX/2.9/pdftex/config/pdftex.map}


 <./TU_Logo_SW.pdf>] [2

] (Dokumentation.toc

LaTeX Font Warning: Font shape `T1/aun/bx/n' undefined
(Font)              using `T1/cmr/m/n' instead on input line 1.

)
\tf@toc=\write3
 [3] [4

]
Kapitel 1.

LaTeX Font Warning: Font shape `T1/aun/l/it' undefined
(Font)              using `T1/aun/l/n' instead on input line 25.

[5] [6

]
Kapitel 2.
LaTeX Font Info:    External font `cmex10' loaded for size
(Font)              <8> on input line 41.
LaTeX Font Info:    External font `cmex10' loaded for size
(Font)              <6> on input line 41.
[7] <Vorarbeiten.png, id=36, 975.645pt x 728.7225pt>
File: Vorarbeiten.png Graphic file (type png)
 <use Vorarbeiten.png>
Package pdftex.def Info: Vorarbeiten.png used on input line 45.
(pdftex.def)             Requested size: 512.1483pt x 382.52945pt.

Overfull \hbox (85.35696pt too wide) in paragraph at lines 45--46
 [][] 
 []

[8 <./Vorarbeiten.png>] <Git2PROV.png, id=40, 758.835pt x 379.4175pt>
File: Git2PROV.png Graphic file (type png)

<use Git2PROV.png>
Package pdftex.def Info: Git2PROV.png used on input line 62.
(pdftex.def)             Requested size: 426.79134pt x 213.39865pt.
 <GitHubDesktop.png, id=42, 2015.53pt x 1210.5225pt>
File: GitHubDesktop.png Graphic file (type png)

<use GitHubDesktop.png>
Package pdftex.def Info: GitHubDesktop.png used on input line 72.
(pdftex.def)             Requested size: 426.79134pt x 256.32292pt.
 [9 <./Git2PROV.png>]
<TortoiseGit.png, id=48, 1027.58907pt x 526.21594pt>
File: TortoiseGit.png Graphic file (type png)
 <use TortoiseGit.png>
Package pdftex.def Info: TortoiseGit.png used on input line 84.
(pdftex.def)             Requested size: 426.79134pt x 218.55219pt.

[10 <./GitHubDesktop.png>] [11 <./TortoiseGit.png>] [12

]
Kapitel 3.
[13] [14]
Kapitel 4.
<Mockup_Changeset.png, id=66, 894.34125pt x 570.13pt>
File: Mockup_Changeset.png Graphic file (type png)

<use Mockup_Changeset.png>
Package pdftex.def Info: Mockup_Changeset.png used on input line 154.
(pdftex.def)             Requested size: 209.1301pt x 133.3107pt.

<Mockup_Mouseover.png, id=67, 878.28125pt x 554.07pt>
File: Mockup_Mouseover.png Graphic file (type png)

<use Mockup_Mouseover.png>
Package pdftex.def Info: Mockup_Mouseover.png used on input line 155.
(pdftex.def)             Requested size: 209.1301pt x 131.93117pt.

<Mockup_Querformat.png, id=68, 894.34125pt x 570.13pt>
File: Mockup_Querformat.png Graphic file (type png)

<use Mockup_Querformat.png>
Package pdftex.def Info: Mockup_Querformat.png used on input line 165.
(pdftex.def)             Requested size: 426.79134pt x 272.07599pt.
 [15

 <./Mockup_Changeset.png> <./Mockup_Mouseover.png>] <Tooltip.png, id=74, 924.45
375pt x 712.6625pt>
File: Tooltip.png Graphic file (type png)
 <use Tooltip.png>
Package pdftex.def Info: Tooltip.png used on input line 173.
(pdftex.def)             Requested size: 426.79134pt x 329.01404pt.

(Dokumentation.bbl [16 <./Mockup_Querformat.png>] [17 <./Tooltip.png>] [18

]

LaTeX Font Warning: Font shape `T1/aun/l/sc' undefined
(Font)              using `T1/aun/l/n' instead on input line 4.

) [19] [20

] (Dokumentation.lof
LaTeX Font Info:    Try loading font information for T1+cmtt on input line 5.

("C:\Program Files (x86)\MiKTeX 2.9\tex\latex\base\t1cmtt.fd"
File: t1cmtt.fd 2014/09/29 v2.5h Standard LaTeX font definitions
)
Overfull \hbox (17.2115pt too wide) in paragraph at lines 5--5
 [][] []\T1/aun/l/sc/10 Darstellung ei-nes Gra-phen mit GitHub Dek-stop, ent-no
m-men von $\T1/cmtt/m/n/10 https : / / assets-[]cdn .$ 
 []


Overfull \hbox (0.46559pt too wide) in paragraph at lines 5--5
 $\T1/cmtt/m/n/10 github . com / images / modules / home / desktop-[]mac . png 
? v = 1$\T1/aun/l/sc/10 , ab-ge-ru-fen am 24.11.2015 []  
 []

)
\tf@lof=\write4
 [21] (Dokumentation.aux)

LaTeX Font Warning: Some font shapes were not available, defaults substituted.

 ) 
Here is how much of TeX's memory you used:
 2517 strings out of 493673
 32048 string characters out of 3141524
 91231 words of memory out of 3000000
 5825 multiletter control sequences out of 15000+200000
 13441 words of font info for 31 fonts, out of 3000000 for 9000
 1025 hyphenation exceptions out of 8191
 34i,16n,24p,1214b,430s stack positions out of 5000i,500n,10000p,200000b,50000s
{C:/Users/Dominik/AppData/Roaming/MiKTeX/2.9/fonts/enc/dvips/cm-super/cm-supe
r-t1.enc}<C:/Users/Dominik/AppData/Roaming/MiKTeX/2.9/fonts/type1/public/cm-sup
er/sfrm0600.pfb><C:/Users/Dominik/AppData/Roaming/MiKTeX/2.9/fonts/type1/public
/cm-super/sfrm0700.pfb><C:/Users/Dominik/AppData/Roaming/MiKTeX/2.9/fonts/type1
/public/cm-super/sfrm0800.pfb><C:/Users/Dominik/AppData/Roaming/MiKTeX/2.9/font
s/type1/public/cm-super/sfrm0900.pfb><C:/Users/Dominik/AppData/Roaming/MiKTeX/2
.9/fonts/type1/public/cm-super/sfrm1000.pfb><C:/Users/Dominik/AppData/Roaming/M
iKTeX/2.9/fonts/type1/public/cm-super/sfrm1200.pfb><C:/Users/Dominik/AppData/Ro
aming/MiKTeX/2.9/fonts/type1/public/cm-super/sfrm1440.pfb><C:/Users/Dominik/App
Data/Roaming/MiKTeX/2.9/fonts/type1/public/cm-super/sfrm2488.pfb><C:/Users/Domi
nik/AppData/Roaming/MiKTeX/2.9/fonts/type1/public/cm-super/sftt1000.pfb>
Output written on Dokumentation.pdf (21 pages, 919853 bytes).
PDF statistics:
 127 PDF objects out of 1000 (max. 8388607)
 0 named destinations out of 1000 (max. 500000)
 46 words of extra memory for PDF output out of 10000 (max. 10000000)

